SF:lib/data/services/markdown_parser.dart
DA:4,2
DA:5,2
DA:6,2
DA:13,6
DA:14,2
DA:15,2
DA:18,2
DA:20,0
DA:24,2
DA:29,1
DA:32,2
DA:37,2
DA:39,0
DA:46,2
DA:48,0
DA:51,2
DA:52,8
DA:57,2
DA:59,0
DA:62,1
DA:63,4
DA:68,2
DA:70,0
DA:73,1
DA:74,4
DA:79,4
DA:81,0
DA:84,2
DA:86,0
DA:88,2
DA:92,8
DA:97,4
DA:99,0
DA:102,1
DA:104,0
DA:106,1
DA:110,2
DA:111,3
DA:116,4
DA:118,0
DA:121,2
DA:124,4
DA:127,2
DA:128,2
DA:133,2
DA:134,2
DA:136,12
DA:137,2
DA:138,4
DA:139,4
DA:140,8
DA:142,2
DA:146,0
DA:147,0
DA:152,4
DA:154,0
DA:157,2
DA:159,4
DA:161,2
DA:162,2
DA:163,8
DA:170,0
DA:176,2
DA:180,4
DA:183,14
DA:184,0
DA:185,0
DA:187,2
DA:194,0
DA:197,2
DA:200,1
DA:201,1
DA:204,2
DA:208,2
DA:209,2
DA:212,2
DA:213,2
DA:214,6
DA:218,2
DA:219,2
DA:220,6
DA:222,2
DA:223,2
DA:224,0
DA:228,2
DA:229,2
DA:230,6
DA:232,2
DA:233,2
DA:234,0
DA:238,2
DA:239,2
DA:240,5
DA:244,2
DA:245,2
DA:246,3
DA:253,0
DA:254,0
DA:255,0
DA:256,0
DA:257,0
DA:258,0
DA:259,0
DA:263,2
DA:265,2
DA:266,2
DA:267,2
DA:268,2
DA:269,2
LF:109
LH:83
end_of_record
SF:lib/core/providers/theme_provider.dart
DA:9,1
DA:10,1
DA:13,0
DA:16,1
DA:18,1
DA:19,0
DA:22,0
DA:23,0
DA:24,0
DA:26,0
DA:30,0
DA:35,0
DA:36,0
DA:37,0
DA:40,0
DA:41,0
DA:48,0
DA:49,0
DA:50,0
DA:52,0
DA:57,1
DA:58,2
DA:59,2
DA:61,0
DA:65,1
DA:66,2
LF:26
LH:9
end_of_record
SF:lib/data/models/ebook_model.g.dart
DA:13,0
DA:15,0
DA:16,0
DA:17,0
DA:19,0
DA:20,0
DA:21,0
DA:22,0
DA:23,0
DA:24,0
DA:25,0
DA:26,0
DA:27,0
DA:28,0
DA:32,0
DA:35,0
DA:36,0
DA:37,0
DA:38,0
DA:39,0
DA:40,0
DA:41,0
DA:42,0
DA:43,0
DA:44,0
DA:45,0
DA:46,0
DA:47,0
DA:48,0
DA:49,0
DA:50,0
DA:51,0
DA:52,0
DA:53,0
DA:56,0
DA:57,0
DA:59,0
DA:62,0
DA:63,0
DA:64,0
LF:40
LH:0
end_of_record
SF:lib/data/models/ebook_model.dart
DA:8,0
DA:48,0
DA:59,0
DA:60,0
DA:61,0
DA:62,0
DA:63,0
DA:64,0
DA:65,0
DA:66,0
DA:67,0
DA:68,0
LF:12
LH:0
end_of_record
SF:lib/data/models/template_type.dart
DA:8,1
DA:10,1
DA:12,1
DA:14,1
DA:20,1
DA:22,1
DA:24,1
DA:26,1
DA:32,0
DA:34,0
DA:55,0
DA:73,0
DA:109,0
DA:110,0
DA:111,0
DA:113,0
DA:115,0
LF:17
LH:8
end_of_record
SF:lib/data/services/epub_generator_service_v2.dart
DA:13,0
DA:14,0
DA:15,0
DA:16,0
DA:20,0
DA:23,0
DA:24,0
DA:25,0
DA:26,0
DA:27,0
DA:28,0
DA:31,0
DA:34,0
DA:38,0
DA:39,0
DA:46,0
DA:47,0
DA:48,0
DA:49,0
DA:50,0
DA:54,0
DA:55,0
DA:56,0
DA:60,0
DA:68,0
DA:69,0
DA:73,0
DA:74,0
DA:76,0
DA:77,0
DA:80,0
DA:81,0
DA:84,0
DA:85,0
DA:86,0
DA:87,0
DA:93,0
DA:94,0
DA:96,0
DA:97,0
DA:98,0
DA:104,0
DA:106,0
DA:107,0
DA:111,0
DA:112,0
DA:113,0
DA:115,0
DA:116,0
DA:117,0
DA:118,0
DA:120,0
DA:123,0
DA:132,0
DA:138,0
DA:142,0
DA:144,0
DA:145,0
DA:149,0
DA:327,0
DA:328,0
DA:332,0
DA:333,0
DA:335,0
DA:336,0
DA:337,0
DA:338,0
DA:340,0
DA:341,0
DA:342,0
DA:347,0
DA:348,0
DA:356,0
DA:363,0
DA:367,0
DA:368,0
DA:369,0
DA:372,0
DA:374,0
DA:375,0
DA:378,0
DA:380,0
DA:382,0
DA:384,0
DA:386,0
DA:392,0
DA:394,0
DA:399,0
DA:400,0
DA:410,0
DA:411,0
DA:414,0
DA:415,0
DA:416,0
DA:418,0
DA:421,0
DA:422,0
DA:425,0
DA:428,0
DA:429,0
DA:431,0
DA:435,0
DA:436,0
DA:437,0
DA:438,0
DA:439,0
DA:445,0
DA:451,0
DA:452,0
DA:453,0
DA:456,0
DA:460,0
DA:461,0
DA:462,0
DA:463,0
DA:469,0
DA:470,0
DA:474,0
DA:475,0
DA:479,0
DA:481,0
DA:482,0
DA:483,0
DA:484,0
DA:485,0
LF:125
LH:0
end_of_record
SF:lib/presentation/create_book/create_book_screen.dart
DA:14,1
DA:16,1
DA:18,1
DA:19,1
DA:21,1
DA:23,1
DA:24,2
DA:25,1
DA:26,1
DA:28,2
DA:30,1
DA:31,3
DA:32,0
DA:43,1
DA:45,1
DA:47,1
DA:48,1
DA:49,1
DA:50,1
DA:51,1
DA:52,1
DA:56,1
DA:57,1
DA:58,1
DA:59,1
DA:60,1
DA:61,1
DA:62,1
DA:65,1
DA:66,1
DA:71,1
DA:76,0
DA:77,0
DA:78,0
DA:79,0
DA:81,0
DA:82,0
DA:84,0
DA:85,0
DA:86,0
DA:87,0
DA:89,0
DA:93,0
DA:103,0
DA:104,0
DA:105,0
DA:107,0
DA:108,0
DA:109,0
DA:110,0
DA:111,0
DA:112,0
DA:113,0
DA:114,0
DA:115,0
DA:117,0
DA:119,0
DA:120,0
DA:122,0
DA:123,0
DA:136,1
DA:138,1
DA:140,1
DA:141,1
DA:143,1
DA:145,1
DA:146,1
DA:147,1
DA:148,2
DA:149,1
DA:151,1
DA:152,1
DA:153,1
DA:155,1
DA:163,2
DA:168,1
DA:170,1
DA:178,2
DA:186,2
DA:188,1
DA:190,3
DA:191,2
DA:196,2
DA:198,1
DA:200,3
DA:201,2
DA:206,2
DA:208,2
DA:209,0
DA:211,0
DA:212,0
DA:213,0
DA:214,0
DA:224,0
DA:226,0
DA:228,0
DA:230,0
DA:241,1
DA:243,1
DA:244,1
DA:250,1
DA:252,1
DA:253,5
DA:254,3
DA:255,5
DA:259,1
DA:261,2
DA:262,1
DA:265,0
DA:266,0
DA:267,0
DA:269,0
DA:270,0
DA:271,0
DA:273,0
DA:274,0
DA:275,0
DA:278,0
DA:279,0
DA:280,0
DA:281,0
DA:282,0
DA:287,1
DA:289,1
DA:291,1
DA:292,1
DA:293,2
DA:294,1
DA:296,1
DA:298,1
DA:299,1
DA:301,1
DA:302,1
DA:303,1
DA:305,3
DA:306,2
DA:311,1
DA:312,0
DA:313,0
DA:314,0
DA:315,0
DA:316,0
DA:317,0
DA:318,0
DA:324,1
DA:326,1
DA:328,1
DA:329,1
DA:358,1
DA:368,1
DA:370,1
DA:372,1
DA:373,1
DA:376,1
DA:378,1
DA:381,1
DA:383,1
DA:386,1
DA:388,1
DA:391,1
DA:393,1
DA:396,1
DA:398,1
DA:401,1
DA:403,1
DA:406,1
DA:418,1
DA:424,1
DA:426,1
DA:428,1
DA:431,1
DA:432,2
DA:435,2
DA:436,1
DA:437,1
DA:446,1
DA:448,1
DA:450,1
DA:451,2
DA:453,3
DA:454,1
DA:455,1
DA:457,1
DA:458,1
DA:461,2
DA:464,1
DA:466,3
DA:467,2
DA:471,1
DA:474,3
DA:475,2
DA:483,3
DA:484,3
DA:486,1
DA:488,1
DA:490,1
DA:491,1
DA:493,1
DA:495,1
DA:496,1
DA:497,2
DA:502,1
DA:503,1
DA:504,3
DA:506,1
DA:508,2
DA:511,1
DA:513,1
DA:514,2
DA:515,1
DA:517,1
DA:518,3
DA:519,3
DA:520,2
DA:527,1
DA:528,1
DA:529,2
DA:530,1
DA:532,1
DA:545,1
DA:546,2
DA:547,2
DA:550,1
DA:552,1
DA:553,1
DA:555,1
DA:559,1
DA:560,1
DA:562,1
DA:564,1
DA:567,3
DA:571,1
DA:573,1
DA:576,3
DA:580,1
DA:582,1
DA:585,3
DA:588,1
DA:590,1
DA:592,2
DA:596,1
DA:597,1
DA:599,3
DA:600,2
DA:602,1
DA:603,1
DA:605,3
DA:606,2
DA:608,1
DA:609,2
DA:611,1
DA:614,1
DA:617,1
DA:619,1
DA:621,1
DA:623,1
DA:624,2
DA:627,1
DA:628,3
DA:629,3
DA:631,1
DA:632,3
DA:633,1
DA:634,2
DA:637,1
DA:638,3
DA:639,1
DA:641,1
DA:642,1
DA:643,1
DA:645,3
DA:647,1
DA:652,0
DA:654,0
DA:655,0
DA:657,0
DA:661,0
DA:662,0
DA:664,0
DA:666,0
DA:669,0
DA:672,0
DA:674,0
DA:677,0
DA:680,0
DA:682,0
DA:685,0
DA:688,0
DA:690,0
DA:692,0
DA:696,0
DA:697,0
DA:699,0
DA:700,0
DA:702,0
DA:703,0
DA:705,0
DA:706,0
DA:708,0
DA:709,0
DA:711,0
DA:714,0
DA:717,0
DA:719,0
DA:721,0
DA:723,0
DA:724,0
DA:727,0
DA:728,0
DA:729,0
DA:731,0
DA:732,0
DA:733,0
DA:734,0
DA:737,0
DA:738,0
DA:739,0
DA:741,0
DA:742,0
DA:743,0
DA:745,0
DA:747,0
DA:752,0
DA:754,0
DA:755,0
DA:757,0
DA:761,0
DA:762,0
DA:764,0
DA:766,0
DA:769,0
DA:770,0
DA:772,0
DA:773,0
DA:775,0
DA:777,0
DA:780,0
DA:781,0
DA:783,0
DA:785,0
DA:787,0
DA:790,0
DA:793,0
DA:795,0
DA:797,0
DA:801,0
DA:802,0
DA:804,0
DA:805,0
DA:807,0
DA:808,0
DA:810,0
DA:811,0
DA:813,0
DA:814,0
DA:816,0
DA:819,0
DA:822,0
DA:824,0
DA:826,0
DA:828,0
DA:829,0
DA:832,0
DA:833,0
DA:834,0
DA:836,0
DA:837,0
DA:838,0
DA:839,0
DA:842,0
DA:843,0
DA:844,0
DA:846,0
DA:847,0
DA:848,0
DA:850,0
DA:852,0
DA:863,1
DA:865,1
DA:867,1
DA:868,1
DA:870,1
DA:871,2
DA:872,1
DA:873,3
DA:876,1
DA:878,1
DA:881,1
DA:882,2
DA:884,0
DA:885,1
DA:886,2
DA:887,2
DA:888,2
DA:889,2
DA:890,2
DA:891,1
DA:892,1
DA:895,2
DA:896,0
DA:899,0
DA:901,0
DA:904,1
DA:906,3
DA:907,2
DA:917,0
DA:921,0
DA:923,0
DA:924,0
DA:925,0
DA:926,0
DA:931,0
DA:932,0
DA:934,0
DA:935,0
DA:936,0
DA:937,0
DA:938,0
DA:939,0
DA:940,0
DA:946,0
DA:947,0
DA:948,0
DA:949,0
DA:950,0
DA:956,0
DA:957,0
DA:966,0
DA:968,0
DA:969,0
DA:970,0
DA:971,0
DA:974,0
DA:975,0
DA:979,0
DA:980,0
DA:981,0
DA:991,1
DA:993,1
DA:995,1
DA:996,1
DA:998,1
DA:999,1
DA:1000,2
DA:1001,1
DA:1003,1
DA:1005,1
DA:1006,0
DA:1008,0
DA:1015,0
DA:1018,0
DA:1019,0
DA:1020,0
DA:1025,1
DA:1026,1
DA:1028,2
DA:1029,0
DA:1030,0
DA:1031,0
DA:1032,0
DA:1033,0
DA:1034,0
DA:1041,0
DA:1042,0
DA:1044,0
DA:1045,0
DA:1047,0
DA:1050,0
DA:1052,0
DA:1053,0
DA:1059,0
DA:1060,0
DA:1061,0
DA:1066,1
DA:1067,1
DA:1068,1
DA:1071,1
DA:1072,2
DA:1073,1
DA:1075,1
DA:1078,2
DA:1082,1
DA:1083,1
DA:1085,1
DA:1086,1
DA:1088,2
DA:1091,1
DA:1093,3
DA:1094,2
DA:1100,1
DA:1102,2
DA:1116,1
DA:1118,1
DA:1120,1
DA:1121,1
DA:1122,1
DA:1123,2
DA:1124,1
DA:1126,1
DA:1127,4
DA:1128,1
DA:1129,1
DA:1130,3
DA:1131,3
DA:1133,1
DA:1134,1
DA:1135,1
DA:1137,1
DA:1138,0
DA:1139,1
DA:1140,1
DA:1143,1
DA:1145,1
DA:1146,1
DA:1147,1
DA:1150,1
DA:1152,2
DA:1153,2
DA:1154,1
DA:1156,1
DA:1157,1
DA:1159,2
DA:1160,2
DA:1165,1
DA:1166,1
DA:1168,1
DA:1169,1
DA:1170,1
DA:1171,2
DA:1174,1
DA:1175,1
DA:1176,3
DA:1177,2
DA:1183,1
DA:1187,1
DA:1188,2
DA:1189,1
DA:1190,1
DA:1191,4
DA:1196,3
DA:1205,1
DA:1209,2
DA:1213,1
DA:1218,1
DA:1220,1
DA:1222,1
DA:1224,1
LF:547
LH:322
end_of_record
SF:lib/presentation/viewmodels/create_book_viewmodel.dart
DA:14,1
DA:26,0
DA:27,0
DA:28,2
DA:29,2
DA:30,2
DA:31,2
DA:32,2
DA:35,1
DA:36,1
DA:37,1
DA:41,0
DA:42,0
DA:43,0
DA:47,1
DA:48,1
DA:49,1
DA:53,0
DA:54,0
DA:55,0
DA:59,1
DA:60,1
DA:61,1
DA:65,0
DA:66,0
DA:69,0
DA:76,0
DA:77,0
DA:79,0
DA:80,0
DA:84,0
DA:85,0
DA:86,0
DA:90,0
DA:91,0
DA:92,0
DA:93,0
DA:94,0
DA:95,0
DA:96,0
DA:97,0
DA:98,0
DA:102,0
DA:103,0
DA:106,0
DA:108,0
DA:109,0
DA:113,0
DA:114,0
DA:115,0
DA:121,0
DA:122,0
DA:123,0
DA:124,0
DA:125,0
DA:126,0
DA:127,0
DA:128,0
DA:132,0
DA:133,0
DA:135,0
DA:136,0
DA:137,0
DA:138,0
DA:139,0
DA:140,0
LF:66
LH:15
end_of_record
SF:lib/presentation/home/home_screen.dart
DA:14,0
DA:16,1
DA:18,1
DA:20,1
DA:21,2
DA:22,1
DA:24,1
DA:26,3
DA:27,2
DA:28,1
DA:31,1
DA:32,1
DA:33,1
DA:34,1
DA:35,1
DA:36,1
DA:38,2
DA:42,0
DA:46,1
DA:47,3
DA:49,0
DA:54,1
DA:55,1
DA:56,1
DA:60,1
DA:61,0
DA:63,0
DA:65,0
DA:66,0
DA:68,0
DA:69,0
DA:70,0
DA:74,0
DA:76,0
DA:77,0
DA:86,1
DA:87,1
DA:89,1
DA:91,1
DA:92,1
DA:95,1
DA:96,2
DA:97,1
DA:99,1
DA:102,2
DA:106,1
DA:108,2
DA:112,1
DA:114,3
DA:115,2
DA:124,0
DA:125,0
DA:126,0
DA:128,0
DA:129,0
DA:130,0
DA:131,0
DA:132,0
DA:133,0
DA:134,0
DA:135,0
DA:136,0
DA:137,0
DA:138,0
DA:139,0
DA:141,0
DA:142,0
DA:147,0
DA:148,0
DA:150,0
DA:158,1
DA:160,1
DA:163,1
DA:164,0
DA:165,0
DA:167,0
DA:168,0
DA:171,0
DA:172,0
DA:182,0
DA:183,0
DA:185,0
DA:187,0
DA:188,0
DA:189,0
DA:193,0
DA:195,0
DA:197,0
DA:200,0
DA:202,0
DA:204,0
DA:205,0
DA:206,0
DA:207,0
DA:210,0
DA:211,0
DA:212,0
DA:215,0
DA:216,0
DA:217,0
DA:218,0
DA:228,0
DA:230,0
DA:231,0
DA:232,0
DA:233,0
DA:240,0
DA:241,0
DA:245,0
DA:246,0
DA:247,0
DA:253,0
DA:254,0
DA:256,0
DA:259,0
DA:260,0
DA:261,0
DA:264,0
DA:265,0
DA:266,0
DA:267,0
DA:269,0
DA:270,0
DA:271,0
DA:290,0
DA:300,0
DA:302,0
DA:303,0
DA:305,0
DA:307,0
DA:308,0
DA:310,0
DA:311,0
DA:312,0
DA:313,0
DA:315,0
DA:317,0
DA:318,0
DA:319,0
DA:320,0
DA:321,0
DA:323,0
DA:325,0
DA:326,0
DA:327,0
DA:330,0
DA:331,0
DA:332,0
DA:334,0
DA:336,0
DA:341,0
DA:342,0
DA:344,0
DA:345,0
DA:346,0
DA:347,0
DA:352,0
DA:353,0
DA:354,0
DA:355,0
DA:363,0
DA:364,0
DA:367,0
DA:369,0
DA:371,0
DA:374,0
DA:377,0
DA:379,0
DA:381,0
LF:169
LH:40
end_of_record
SF:lib/presentation/viewmodels/library_viewmodel.dart
DA:10,1
DA:16,0
DA:17,2
DA:18,2
DA:19,3
DA:22,1
DA:23,1
DA:24,1
DA:25,1
DA:28,3
DA:30,0
DA:32,1
DA:33,1
DA:38,0
DA:40,0
DA:41,0
DA:42,0
DA:44,0
DA:45,0
DA:50,0
DA:51,0
DA:52,0
DA:56,0
DA:57,0
DA:58,0
DA:61,0
DA:63,0
DA:65,0
DA:66,0
DA:71,0
DA:72,0
LF:31
LH:11
end_of_record
SF:lib/presentation/preview/preview_screen.dart
DA:11,0
DA:16,0
DA:17,0
DA:25,0
DA:27,0
DA:28,0
DA:31,0
DA:33,0
DA:34,0
DA:35,0
DA:36,0
DA:37,0
DA:42,0
DA:43,0
DA:44,0
DA:47,0
DA:48,0
DA:51,0
DA:52,0
DA:53,0
DA:58,0
DA:60,0
DA:61,0
DA:64,0
DA:66,0
DA:68,0
DA:69,0
DA:70,0
DA:71,0
DA:73,0
DA:75,0
DA:76,0
DA:79,0
DA:80,0
DA:81,0
DA:87,0
DA:91,0
DA:92,0
DA:94,0
DA:107,0
DA:108,0
DA:109,0
DA:111,0
DA:112,0
DA:115,0
DA:118,0
DA:119,0
DA:121,0
DA:124,0
DA:125,0
DA:133,0
DA:134,0
DA:135,0
DA:138,0
DA:145,0
DA:150,0
DA:152,0
DA:153,0
DA:154,0
DA:155,0
DA:160,0
DA:161,0
DA:162,0
LF:63
LH:0
end_of_record
